The target system is: Linux -  - aarch64
The host system is: Linux - 6.17.0-14-generic - x86_64
Compiling the CXX compiler identification source file "CMakeCXXCompilerId.cpp" succeeded.
Compiler: /opt/poky/3.1.31/sysroots/x86_64-pokysdk-linux/usr/bin/aarch64-poky-linux/aarch64-poky-linux-g++ 
Build flags: ;-O2;-pipe;-g;-feliminate-unused-debug-types;
Id flags: -c 

The output was:
0


Compilation of the CXX compiler identification source "CMakeCXXCompilerId.cpp" produced "CMakeCXXCompilerId.o"

The CXX compiler identification is GNU, found in "/drp-ai_tvm/data/traffic_violation/build/CMakeFiles/3.16.5/CompilerIdCXX/CMakeCXXCompilerId.o"

Determining if the CXX compiler works passed with the following output:
Change Dir: /drp-ai_tvm/data/traffic_violation/build/CMakeFiles/CMakeTmp

Run Build Command(s):/usr/bin/make cmTC_6dacc/fast && /usr/bin/make -f CMakeFiles/cmTC_6dacc.dir/build.make CMakeFiles/cmTC_6dacc.dir/build
make[1]: Entering directory '/drp-ai_tvm/data/traffic_violation/build/CMakeFiles/CMakeTmp'
Building CXX object CMakeFiles/cmTC_6dacc.dir/testCXXCompiler.cxx.o
/opt/poky/3.1.31/sysroots/x86_64-pokysdk-linux/usr/bin/aarch64-poky-linux/aarch64-poky-linux-g++ --sysroot=/opt/poky/3.1.31/sysroots/aarch64-poky-linux    -O2 -pipe -g -feliminate-unused-debug-types  -march=armv8-a    -o CMakeFiles/cmTC_6dacc.dir/testCXXCompiler.cxx.o -c /drp-ai_tvm/data/traffic_violation/build/CMakeFiles/CMakeTmp/testCXXCompiler.cxx
Linking CXX executable cmTC_6dacc
/opt/poky/3.1.31/sysroots/x86_64-pokysdk-linux/usr/bin/cmake -E cmake_link_script CMakeFiles/cmTC_6dacc.dir/link.txt --verbose=1
/opt/poky/3.1.31/sysroots/x86_64-pokysdk-linux/usr/bin/aarch64-poky-linux/aarch64-poky-linux-g++ --sysroot=/opt/poky/3.1.31/sysroots/aarch64-poky-linux  -O2 -pipe -g -feliminate-unused-debug-types  -march=armv8-a   -Wl,-O1 -Wl,--hash-style=gnu -Wl,--as-needed -fstack-protector-strong -Wl,-z,relro,-z,now  CMakeFiles/cmTC_6dacc.dir/testCXXCompiler.cxx.o  -o cmTC_6dacc 
make[1]: Leaving directory '/drp-ai_tvm/data/traffic_violation/build/CMakeFiles/CMakeTmp'



Detecting CXX compiler ABI info compiled with the following output:
Change Dir: /drp-ai_tvm/data/traffic_violation/build/CMakeFiles/CMakeTmp

Run Build Command(s):/usr/bin/make cmTC_1e2a2/fast && /usr/bin/make -f CMakeFiles/cmTC_1e2a2.dir/build.make CMakeFiles/cmTC_1e2a2.dir/build
make[1]: Entering directory '/drp-ai_tvm/data/traffic_violation/build/CMakeFiles/CMakeTmp'
Building CXX object CMakeFiles/cmTC_1e2a2.dir/CMakeCXXCompilerABI.cpp.o
/opt/poky/3.1.31/sysroots/x86_64-pokysdk-linux/usr/bin/aarch64-poky-linux/aarch64-poky-linux-g++ --sysroot=/opt/poky/3.1.31/sysroots/aarch64-poky-linux    -O2 -pipe -g -feliminate-unused-debug-types  -march=armv8-a    -v -o CMakeFiles/cmTC_1e2a2.dir/CMakeCXXCompilerABI.cpp.o -c /opt/poky/3.1.31/sysroots/x86_64-pokysdk-linux/usr/share/cmake-3.16/Modules/CMakeCXXCompilerABI.cpp
Using built-in specs.
COLLECT_GCC=/opt/poky/3.1.31/sysroots/x86_64-pokysdk-linux/usr/bin/aarch64-poky-linux/aarch64-poky-linux-g++
Target: aarch64-poky-linux
Configured with: ../../../../../../work-shared/gcc-8.3.0-r0/gcc-8-8.3.0/src/configure --build=x86_64-linux --host=x86_64-pokysdk-linux --target=aarch64-poky-linux --prefix=/usr/local/oe-sdk-hardcoded-buildpath/sysroots/x86_64-pokysdk-linux/usr --exec_prefix=/usr/local/oe-sdk-hardcoded-buildpath/sysroots/x86_64-pokysdk-linux/usr --bindir=/usr/local/oe-sdk-hardcoded-buildpath/sysroots/x86_64-pokysdk-linux/usr/bin/aarch64-poky-linux --sbindir=/usr/local/oe-sdk-hardcoded-buildpath/sysroots/x86_64-pokysdk-linux/usr/bin/aarch64-poky-linux --libexecdir=/usr/local/oe-sdk-hardcoded-buildpath/sysroots/x86_64-pokysdk-linux/usr/libexec/aarch64-poky-linux --datadir=/usr/local/oe-sdk-hardcoded-buildpath/sysroots/x86_64-pokysdk-linux/usr/share --sysconfdir=/usr/local/oe-sdk-hardcoded-buildpath/sysroots/x86_64-pokysdk-linux/etc --sharedstatedir=/usr/local/oe-sdk-hardcoded-buildpath/sysroots/x86_64-pokysdk-linux/com --localstatedir=/usr/local/oe-sdk-hardcoded-buildpath/sysroots/x86_64-pokysdk-linux/var --libdir=/usr/local/oe-sdk-hardcoded-buildpath/sysroots/x86_64-pokysdk-linux/usr/lib/aarch64-poky-linux --includedir=/usr/local/oe-sdk-hardcoded-buildpath/sysroots/x86_64-pokysdk-linux/usr/include --oldincludedir=/usr/local/oe-sdk-hardcoded-buildpath/sysroots/x86_64-pokysdk-linux/usr/include --infodir=/usr/local/oe-sdk-hardcoded-buildpath/sysroots/x86_64-pokysdk-linux/usr/share/info --mandir=/usr/local/oe-sdk-hardcoded-buildpath/sysroots/x86_64-pokysdk-linux/usr/share/man --disable-silent-rules --disable-dependency-tracking --with-libtool-sysroot=/data3/canhdao/yocto_build/v750/V2L/Final_release/RZV_VLPv3.0.6/build/tmp/work/x86_64-nativesdk-pokysdk-linux/gcc-cross-canadian-aarch64/8.3.0-r0/recipe-sysroot --with-gnu-ld --enable-shared --enable-languages=c,c++ --enable-threads=posix --enable-multilib --enable-default-pie --enable-c99 --enable-long-long --enable-symvers=gnu --enable-libstdcxx-pch --program-prefix=aarch64-poky-linux- --without-local-prefix --disable-install-libiberty --enable-lto --disable-libssp --enable-libitm --disable-bootstrap --disable-libmudflap --with-system-zlib --with-linker-hash-style=gnu --enable-linker-build-id --with-ppl=no --with-cloog=no --enable-checking=release --enable-cheaders=c_global --without-isl --with-gxx-include-dir=/not/exist/usr/include/c++/8.3.0 --with-build-time-tools=/data3/canhdao/yocto_build/v750/V2L/Final_release/RZV_VLPv3.0.6/build/tmp/work/x86_64-nativesdk-pokysdk-linux/gcc-cross-canadian-aarch64/8.3.0-r0/recipe-sysroot-native/usr/aarch64-poky-linux/bin --with-sysroot=/not/exist --with-build-sysroot=/data3/canhdao/yocto_build/v750/V2L/Final_release/RZV_VLPv3.0.6/build/tmp/work/x86_64-nativesdk-pokysdk-linux/gcc-cross-canadian-aarch64/8.3.0-r0/recipe-sysroot --enable-poison-system-directories --disable-static --enable-nls --with-glibc-version=2.28 --enable-initfini-array --enable-__cxa_atexit
Thread model: posix
gcc version 8.3.0 (GCC) 
COLLECT_GCC_OPTIONS='--sysroot=/opt/poky/3.1.31/sysroots/aarch64-poky-linux' '-O2' '-pipe' '-g' '-feliminate-unused-debug-types' '-march=armv8-a' '-v' '-o' 'CMakeFiles/cmTC_1e2a2.dir/CMakeCXXCompilerABI.cpp.o' '-c' '-shared-libgcc' '-mlittle-endian' '-mabi=lp64'
 /opt/poky/3.1.31/sysroots/x86_64-pokysdk-linux/usr/libexec/aarch64-poky-linux/gcc/aarch64-poky-linux/8.3.0/cc1plus -quiet -v -isysroot /opt/poky/3.1.31/sysroots/aarch64-poky-linux -D_GNU_SOURCE /opt/poky/3.1.31/sysroots/x86_64-pokysdk-linux/usr/share/cmake-3.16/Modules/CMakeCXXCompilerABI.cpp -quiet -dumpbase CMakeCXXCompilerABI.cpp -march=armv8-a -mlittle-endian -mabi=lp64 -auxbase-strip CMakeFiles/cmTC_1e2a2.dir/CMakeCXXCompilerABI.cpp.o -g -O2 -version -feliminate-unused-debug-types -o - |
 /opt/poky/3.1.31/sysroots/x86_64-pokysdk-linux/usr/libexec/aarch64-poky-linux/gcc/aarch64-poky-linux/8.3.0/as -v -EL -march=armv8-a -mabi=lp64 -o CMakeFiles/cmTC_1e2a2.dir/CMakeCXXCompilerABI.cpp.o
GNU assembler version 2.31.1 (aarch64-poky-linux) using BFD version (GNU Binutils) 2.31.1
GNU C++14 (GCC) version 8.3.0 (aarch64-poky-linux)
	compiled by GNU C version 8.3.0, GMP version 6.2.0, MPFR version 4.0.2, MPC version 1.1.0, isl version none
GGC heuristics: --param ggc-min-expand=100 --param ggc-min-heapsize=131072
ignoring nonexistent directory "/opt/poky/3.1.31/sysroots/aarch64-poky-linux/usr/lib64/gcc/aarch64-poky-linux/8.3.0/include"
ignoring nonexistent directory "/opt/poky/3.1.31/sysroots/x86_64-pokysdk-linux/usr/lib/aarch64-poky-linux/gcc/aarch64-poky-linux/8.3.0/../../../../../aarch64-poky-linux/include"
#include "..." search starts here:
#include <...> search starts here:
 /opt/poky/3.1.31/sysroots/aarch64-poky-linux/usr/include/c++/8.3.0
 /opt/poky/3.1.31/sysroots/aarch64-poky-linux/usr/include/c++/8.3.0/aarch64-poky-linux
 /opt/poky/3.1.31/sysroots/aarch64-poky-linux/usr/include/c++/8.3.0/backward
 /opt/poky/3.1.31/sysroots/x86_64-pokysdk-linux/usr/lib/aarch64-poky-linux/gcc/aarch64-poky-linux/8.3.0/include
 /opt/poky/3.1.31/sysroots/aarch64-poky-linux/usr/local/include
 /opt/poky/3.1.31/sysroots/x86_64-pokysdk-linux/usr/lib/aarch64-poky-linux/gcc/aarch64-poky-linux/8.3.0/include-fixed
 /opt/poky/3.1.31/sysroots/aarch64-poky-linux/usr/include/
End of search list.
GNU C++14 (GCC) version 8.3.0 (aarch64-poky-linux)
	compiled by GNU C version 8.3.0, GMP version 6.2.0, MPFR version 4.0.2, MPC version 1.1.0, isl version none
GGC heuristics: --param ggc-min-expand=100 --param ggc-min-heapsize=131072
Compiler executable checksum: ebaeaa0f313f87fb4b302c55ad7b1d5c
COMPILER_PATH=/opt/poky/3.1.31/sysroots/x86_64-pokysdk-linux/usr/libexec/aarch64-poky-linux/gcc/aarch64-poky-linux/8.3.0/:/opt/poky/3.1.31/sysroots/x86_64-pokysdk-linux/usr/libexec/aarch64-poky-linux/gcc/aarch64-poky-linux/8.3.0/:/opt/poky/3.1.31/sysroots/x86_64-pokysdk-linux/usr/libexec/aarch64-poky-linux/gcc/aarch64-poky-linux/:/opt/poky/3.1.31/sysroots/x86_64-pokysdk-linux/usr/lib/aarch64-poky-linux/gcc/aarch64-poky-linux/8.3.0/:/opt/poky/3.1.31/sysroots/x86_64-pokysdk-linux/usr/lib/aarch64-poky-linux/gcc/aarch64-poky-linux/
LIBRARY_PATH=/opt/poky/3.1.31/sysroots/x86_64-pokysdk-linux/usr/lib/aarch64-poky-linux/gcc/aarch64-poky-linux/8.3.0/:/opt/poky/3.1.31/sysroots/aarch64-poky-linux/lib64/:/opt/poky/3.1.31/sysroots/aarch64-poky-linux/usr/lib64/aarch64-poky-linux/8.3.0/:/opt/poky/3.1.31/sysroots/aarch64-poky-linux/usr/lib64/
COLLECT_GCC_OPTIONS='--sysroot=/opt/poky/3.1.31/sysroots/aarch64-poky-linux' '-O2' '-pipe' '-g' '-feliminate-unused-debug-types' '-march=armv8-a' '-v' '-o' 'CMakeFiles/cmTC_1e2a2.dir/CMakeCXXCompilerABI.cpp.o' '-c' '-shared-libgcc' '-mlittle-endian' '-mabi=lp64'
Linking CXX executable cmTC_1e2a2
/opt/poky/3.1.31/sysroots/x86_64-pokysdk-linux/usr/bin/cmake -E cmake_link_script CMakeFiles/cmTC_1e2a2.dir/link.txt --verbose=1
/opt/poky/3.1.31/sysroots/x86_64-pokysdk-linux/usr/bin/aarch64-poky-linux/aarch64-poky-linux-g++ --sysroot=/opt/poky/3.1.31/sysroots/aarch64-poky-linux  -O2 -pipe -g -feliminate-unused-debug-types  -march=armv8-a   -Wl,-O1 -Wl,--hash-style=gnu -Wl,--as-needed -fstack-protector-strong -Wl,-z,relro,-z,now -v CMakeFiles/cmTC_1e2a2.dir/CMakeCXXCompilerABI.cpp.o  -o cmTC_1e2a2 
Using built-in specs.
COLLECT_GCC=/opt/poky/3.1.31/sysroots/x86_64-pokysdk-linux/usr/bin/aarch64-poky-linux/aarch64-poky-linux-g++
COLLECT_LTO_WRAPPER=/opt/poky/3.1.31/sysroots/x86_64-pokysdk-linux/usr/libexec/aarch64-poky-linux/gcc/aarch64-poky-linux/8.3.0/lto-wrapper
Target: aarch64-poky-linux
Configured with: ../../../../../../work-shared/gcc-8.3.0-r0/gcc-8-8.3.0/src/configure --build=x86_64-linux --host=x86_64-pokysdk-linux --target=aarch64-poky-linux --prefix=/usr/local/oe-sdk-hardcoded-buildpath/sysroots/x86_64-pokysdk-linux/usr --exec_prefix=/usr/local/oe-sdk-hardcoded-buildpath/sysroots/x86_64-pokysdk-linux/usr --bindir=/usr/local/oe-sdk-hardcoded-buildpath/sysroots/x86_64-pokysdk-linux/usr/bin/aarch64-poky-linux --sbindir=/usr/local/oe-sdk-hardcoded-buildpath/sysroots/x86_64-pokysdk-linux/usr/bin/aarch64-poky-linux --libexecdir=/usr/local/oe-sdk-hardcoded-buildpath/sysroots/x86_64-pokysdk-linux/usr/libexec/aarch64-poky-linux --datadir=/usr/local/oe-sdk-hardcoded-buildpath/sysroots/x86_64-pokysdk-linux/usr/share --sysconfdir=/usr/local/oe-sdk-hardcoded-buildpath/sysroots/x86_64-pokysdk-linux/etc --sharedstatedir=/usr/local/oe-sdk-hardcoded-buildpath/sysroots/x86_64-pokysdk-linux/com --localstatedir=/usr/local/oe-sdk-hardcoded-buildpath/sysroots/x86_64-pokysdk-linux/var --libdir=/usr/local/oe-sdk-hardcoded-buildpath/sysroots/x86_64-pokysdk-linux/usr/lib/aarch64-poky-linux --includedir=/usr/local/oe-sdk-hardcoded-buildpath/sysroots/x86_64-pokysdk-linux/usr/include --oldincludedir=/usr/local/oe-sdk-hardcoded-buildpath/sysroots/x86_64-pokysdk-linux/usr/include --infodir=/usr/local/oe-sdk-hardcoded-buildpath/sysroots/x86_64-pokysdk-linux/usr/share/info --mandir=/usr/local/oe-sdk-hardcoded-buildpath/sysroots/x86_64-pokysdk-linux/usr/share/man --disable-silent-rules --disable-dependency-tracking --with-libtool-sysroot=/data3/canhdao/yocto_build/v750/V2L/Final_release/RZV_VLPv3.0.6/build/tmp/work/x86_64-nativesdk-pokysdk-linux/gcc-cross-canadian-aarch64/8.3.0-r0/recipe-sysroot --with-gnu-ld --enable-shared --enable-languages=c,c++ --enable-threads=posix --enable-multilib --enable-default-pie --enable-c99 --enable-long-long --enable-symvers=gnu --enable-libstdcxx-pch --program-prefix=aarch64-poky-linux- --without-local-prefix --disable-install-libiberty --enable-lto --disable-libssp --enable-libitm --disable-bootstrap --disable-libmudflap --with-system-zlib --with-linker-hash-style=gnu --enable-linker-build-id --with-ppl=no --with-cloog=no --enable-checking=release --enable-cheaders=c_global --without-isl --with-gxx-include-dir=/not/exist/usr/include/c++/8.3.0 --with-build-time-tools=/data3/canhdao/yocto_build/v750/V2L/Final_release/RZV_VLPv3.0.6/build/tmp/work/x86_64-nativesdk-pokysdk-linux/gcc-cross-canadian-aarch64/8.3.0-r0/recipe-sysroot-native/usr/aarch64-poky-linux/bin --with-sysroot=/not/exist --with-build-sysroot=/data3/canhdao/yocto_build/v750/V2L/Final_release/RZV_VLPv3.0.6/build/tmp/work/x86_64-nativesdk-pokysdk-linux/gcc-cross-canadian-aarch64/8.3.0-r0/recipe-sysroot --enable-poison-system-directories --disable-static --enable-nls --with-glibc-version=2.28 --enable-initfini-array --enable-__cxa_atexit
Thread model: posix
gcc version 8.3.0 (GCC) 
COMPILER_PATH=/opt/poky/3.1.31/sysroots/x86_64-pokysdk-linux/usr/libexec/aarch64-poky-linux/gcc/aarch64-poky-linux/8.3.0/:/opt/poky/3.1.31/sysroots/x86_64-pokysdk-linux/usr/libexec/aarch64-poky-linux/gcc/aarch64-poky-linux/8.3.0/:/opt/poky/3.1.31/sysroots/x86_64-pokysdk-linux/usr/libexec/aarch64-poky-linux/gcc/aarch64-poky-linux/:/opt/poky/3.1.31/sysroots/x86_64-pokysdk-linux/usr/lib/aarch64-poky-linux/gcc/aarch64-poky-linux/8.3.0/:/opt/poky/3.1.31/sysroots/x86_64-pokysdk-linux/usr/lib/aarch64-poky-linux/gcc/aarch64-poky-linux/
LIBRARY_PATH=/opt/poky/3.1.31/sysroots/x86_64-pokysdk-linux/usr/lib/aarch64-poky-linux/gcc/aarch64-poky-linux/8.3.0/:/opt/poky/3.1.31/sysroots/aarch64-poky-linux/lib64/:/opt/poky/3.1.31/sysroots/aarch64-poky-linux/usr/lib64/aarch64-poky-linux/8.3.0/:/opt/poky/3.1.31/sysroots/aarch64-poky-linux/usr/lib64/
COLLECT_GCC_OPTIONS='--sysroot=/opt/poky/3.1.31/sysroots/aarch64-poky-linux' '-O2' '-pipe' '-g' '-feliminate-unused-debug-types' '-march=armv8-a' '-fstack-protector-strong' '-v' '-o' 'cmTC_1e2a2' '-shared-libgcc' '-mlittle-endian' '-mabi=lp64'
 /opt/poky/3.1.31/sysroots/x86_64-pokysdk-linux/usr/libexec/aarch64-poky-linux/gcc/aarch64-poky-linux/8.3.0/collect2 -plugin /opt/poky/3.1.31/sysroots/x86_64-pokysdk-linux/usr/libexec/aarch64-poky-linux/gcc/aarch64-poky-linux/8.3.0/liblto_plugin.so -plugin-opt=/opt/poky/3.1.31/sysroots/x86_64-pokysdk-linux/usr/libexec/aarch64-poky-linux/gcc/aarch64-poky-linux/8.3.0/lto-wrapper -plugin-opt=-fresolution=/tmp/cccyWq2t.res -plugin-opt=-pass-through=-lgcc_s -plugin-opt=-pass-through=-lgcc -plugin-opt=-pass-through=-lc -plugin-opt=-pass-through=-lgcc_s -plugin-opt=-pass-through=-lgcc --sysroot=/opt/poky/3.1.31/sysroots/aarch64-poky-linux --build-id --eh-frame-hdr --hash-style=gnu --hash-style=gnu -dynamic-linker /lib64/ld-linux-aarch64.so.1 -X -EL -maarch64linux -pie -o cmTC_1e2a2 /opt/poky/3.1.31/sysroots/aarch64-poky-linux/usr/lib64/Scrt1.o /opt/poky/3.1.31/sysroots/aarch64-poky-linux/usr/lib64/crti.o /opt/poky/3.1.31/sysroots/aarch64-poky-linux/usr/lib64/aarch64-poky-linux/8.3.0/crtbeginS.o -L/opt/poky/3.1.31/sysroots/x86_64-pokysdk-linux/usr/lib/aarch64-poky-linux/gcc/aarch64-poky-linux/8.3.0 -L/opt/poky/3.1.31/sysroots/aarch64-poky-linux/lib64 -L/opt/poky/3.1.31/sysroots/aarch64-poky-linux/usr/lib64/aarch64-poky-linux/8.3.0 -L/opt/poky/3.1.31/sysroots/aarch64-poky-linux/usr/lib64 -O1 --hash-style=gnu --as-needed -z relro -z now CMakeFiles/cmTC_1e2a2.dir/CMakeCXXCompilerABI.cpp.o -lstdc++ -lm -lgcc_s -lgcc -lc -lgcc_s -lgcc /opt/poky/3.1.31/sysroots/aarch64-poky-linux/usr/lib64/aarch64-poky-linux/8.3.0/crtendS.o /opt/poky/3.1.31/sysroots/aarch64-poky-linux/usr/lib64/crtn.o
COLLECT_GCC_OPTIONS='--sysroot=/opt/poky/3.1.31/sysroots/aarch64-poky-linux' '-O2' '-pipe' '-g' '-feliminate-unused-debug-types' '-march=armv8-a' '-fstack-protector-strong' '-v' '-o' 'cmTC_1e2a2' '-shared-libgcc' '-mlittle-endian' '-mabi=lp64'
make[1]: Leaving directory '/drp-ai_tvm/data/traffic_violation/build/CMakeFiles/CMakeTmp'



Parsed CXX implicit include dir info from above output: rv=done
  found start of include info
  found start of implicit include info
    add: [/opt/poky/3.1.31/sysroots/aarch64-poky-linux/usr/include/c++/8.3.0]
    add: [/opt/poky/3.1.31/sysroots/aarch64-poky-linux/usr/include/c++/8.3.0/aarch64-poky-linux]
    add: [/opt/poky/3.1.31/sysroots/aarch64-poky-linux/usr/include/c++/8.3.0/backward]
    add: [/opt/poky/3.1.31/sysroots/x86_64-pokysdk-linux/usr/lib/aarch64-poky-linux/gcc/aarch64-poky-linux/8.3.0/include]
    add: [/opt/poky/3.1.31/sysroots/aarch64-poky-linux/usr/local/include]
    add: [/opt/poky/3.1.31/sysroots/x86_64-pokysdk-linux/usr/lib/aarch64-poky-linux/gcc/aarch64-poky-linux/8.3.0/include-fixed]
    add: [/opt/poky/3.1.31/sysroots/aarch64-poky-linux/usr/include/]
  end of search list found
  collapse include dir [/opt/poky/3.1.31/sysroots/aarch64-poky-linux/usr/include/c++/8.3.0] ==> [/opt/poky/3.1.31/sysroots/aarch64-poky-linux/usr/include/c++/8.3.0]
  collapse include dir [/opt/poky/3.1.31/sysroots/aarch64-poky-linux/usr/include/c++/8.3.0/aarch64-poky-linux] ==> [/opt/poky/3.1.31/sysroots/aarch64-poky-linux/usr/include/c++/8.3.0/aarch64-poky-linux]
  collapse include dir [/opt/poky/3.1.31/sysroots/aarch64-poky-linux/usr/include/c++/8.3.0/backward] ==> [/opt/poky/3.1.31/sysroots/aarch64-poky-linux/usr/include/c++/8.3.0/backward]
  collapse include dir [/opt/poky/3.1.31/sysroots/x86_64-pokysdk-linux/usr/lib/aarch64-poky-linux/gcc/aarch64-poky-linux/8.3.0/include] ==> [/opt/poky/3.1.31/sysroots/x86_64-pokysdk-linux/usr/lib/aarch64-poky-linux/gcc/aarch64-poky-linux/8.3.0/include]
  collapse include dir [/opt/poky/3.1.31/sysroots/aarch64-poky-linux/usr/local/include] ==> [/opt/poky/3.1.31/sysroots/aarch64-poky-linux/usr/local/include]
  collapse include dir [/opt/poky/3.1.31/sysroots/x86_64-pokysdk-linux/usr/lib/aarch64-poky-linux/gcc/aarch64-poky-linux/8.3.0/include-fixed] ==> [/opt/poky/3.1.31/sysroots/x86_64-pokysdk-linux/usr/lib/aarch64-poky-linux/gcc/aarch64-poky-linux/8.3.0/include-fixed]
  collapse include dir [/opt/poky/3.1.31/sysroots/aarch64-poky-linux/usr/include/] ==> [/opt/poky/3.1.31/sysroots/aarch64-poky-linux/usr/include]
  implicit include dirs: [/opt/poky/3.1.31/sysroots/aarch64-poky-linux/usr/include/c++/8.3.0;/opt/poky/3.1.31/sysroots/aarch64-poky-linux/usr/include/c++/8.3.0/aarch64-poky-linux;/opt/poky/3.1.31/sysroots/aarch64-poky-linux/usr/include/c++/8.3.0/backward;/opt/poky/3.1.31/sysroots/x86_64-pokysdk-linux/usr/lib/aarch64-poky-linux/gcc/aarch64-poky-linux/8.3.0/include;/opt/poky/3.1.31/sysroots/aarch64-poky-linux/usr/local/include;/opt/poky/3.1.31/sysroots/x86_64-pokysdk-linux/usr/lib/aarch64-poky-linux/gcc/aarch64-poky-linux/8.3.0/include-fixed;/opt/poky/3.1.31/sysroots/aarch64-poky-linux/usr/include]


Parsed CXX implicit link information from above output:
  link line regex: [^( *|.*[/\])(aarch64-poky-linux-ld|CMAKE_LINK_STARTFILE-NOTFOUND|([^/\]+-)?ld|collect2)[^/\]*( |$)]
  ignore line: [Change Dir: /drp-ai_tvm/data/traffic_violation/build/CMakeFiles/CMakeTmp]
  ignore line: []
  ignore line: [Run Build Command(s):/usr/bin/make cmTC_1e2a2/fast && /usr/bin/make -f CMakeFiles/cmTC_1e2a2.dir/build.make CMakeFiles/cmTC_1e2a2.dir/build]
  ignore line: [make[1]: Entering directory '/drp-ai_tvm/data/traffic_violation/build/CMakeFiles/CMakeTmp']
  ignore line: [Building CXX object CMakeFiles/cmTC_1e2a2.dir/CMakeCXXCompilerABI.cpp.o]
  ignore line: [/opt/poky/3.1.31/sysroots/x86_64-pokysdk-linux/usr/bin/aarch64-poky-linux/aarch64-poky-linux-g++ --sysroot=/opt/poky/3.1.31/sysroots/aarch64-poky-linux    -O2 -pipe -g -feliminate-unused-debug-types  -march=armv8-a    -v -o CMakeFiles/cmTC_1e2a2.dir/CMakeCXXCompilerABI.cpp.o -c /opt/poky/3.1.31/sysroots/x86_64-pokysdk-linux/usr/share/cmake-3.16/Modules/CMakeCXXCompilerABI.cpp]
  ignore line: [Using built-in specs.]
  ignore line: [COLLECT_GCC=/opt/poky/3.1.31/sysroots/x86_64-pokysdk-linux/usr/bin/aarch64-poky-linux/aarch64-poky-linux-g++]
  ignore line: [Target: aarch64-poky-linux]
  ignore line: [Configured with: ../../../../../../work-shared/gcc-8.3.0-r0/gcc-8-8.3.0/src/configure --build=x86_64-linux --host=x86_64-pokysdk-linux --target=aarch64-poky-linux --prefix=/usr/local/oe-sdk-hardcoded-buildpath/sysroots/x86_64-pokysdk-linux/usr --exec_prefix=/usr/local/oe-sdk-hardcoded-buildpath/sysroots/x86_64-pokysdk-linux/usr --bindir=/usr/local/oe-sdk-hardcoded-buildpath/sysroots/x86_64-pokysdk-linux/usr/bin/aarch64-poky-linux --sbindir=/usr/local/oe-sdk-hardcoded-buildpath/sysroots/x86_64-pokysdk-linux/usr/bin/aarch64-poky-linux --libexecdir=/usr/local/oe-sdk-hardcoded-buildpath/sysroots/x86_64-pokysdk-linux/usr/libexec/aarch64-poky-linux --datadir=/usr/local/oe-sdk-hardcoded-buildpath/sysroots/x86_64-pokysdk-linux/usr/share --sysconfdir=/usr/local/oe-sdk-hardcoded-buildpath/sysroots/x86_64-pokysdk-linux/etc --sharedstatedir=/usr/local/oe-sdk-hardcoded-buildpath/sysroots/x86_64-pokysdk-linux/com --localstatedir=/usr/local/oe-sdk-hardcoded-buildpath/sysroots/x86_64-pokysdk-linux/var --libdir=/usr/local/oe-sdk-hardcoded-buildpath/sysroots/x86_64-pokysdk-linux/usr/lib/aarch64-poky-linux --includedir=/usr/local/oe-sdk-hardcoded-buildpath/sysroots/x86_64-pokysdk-linux/usr/include --oldincludedir=/usr/local/oe-sdk-hardcoded-buildpath/sysroots/x86_64-pokysdk-linux/usr/include --infodir=/usr/local/oe-sdk-hardcoded-buildpath/sysroots/x86_64-pokysdk-linux/usr/share/info --mandir=/usr/local/oe-sdk-hardcoded-buildpath/sysroots/x86_64-pokysdk-linux/usr/share/man --disable-silent-rules --disable-dependency-tracking --with-libtool-sysroot=/data3/canhdao/yocto_build/v750/V2L/Final_release/RZV_VLPv3.0.6/build/tmp/work/x86_64-nativesdk-pokysdk-linux/gcc-cross-canadian-aarch64/8.3.0-r0/recipe-sysroot --with-gnu-ld --enable-shared --enable-languages=c,c++ --enable-threads=posix --enable-multilib --enable-default-pie --enable-c99 --enable-long-long --enable-symvers=gnu --enable-libstdcxx-pch --program-prefix=aarch64-poky-linux- --without-local-prefix --disable-install-libiberty --enable-lto --disable-libssp --enable-libitm --disable-bootstrap --disable-libmudflap --with-system-zlib --with-linker-hash-style=gnu --enable-linker-build-id --with-ppl=no --with-cloog=no --enable-checking=release --enable-cheaders=c_global --without-isl --with-gxx-include-dir=/not/exist/usr/include/c++/8.3.0 --with-build-time-tools=/data3/canhdao/yocto_build/v750/V2L/Final_release/RZV_VLPv3.0.6/build/tmp/work/x86_64-nativesdk-pokysdk-linux/gcc-cross-canadian-aarch64/8.3.0-r0/recipe-sysroot-native/usr/aarch64-poky-linux/bin --with-sysroot=/not/exist --with-build-sysroot=/data3/canhdao/yocto_build/v750/V2L/Final_release/RZV_VLPv3.0.6/build/tmp/work/x86_64-nativesdk-pokysdk-linux/gcc-cross-canadian-aarch64/8.3.0-r0/recipe-sysroot --enable-poison-system-directories --disable-static --enable-nls --with-glibc-version=2.28 --enable-initfini-array --enable-__cxa_atexit]
  ignore line: [Thread model: posix]
  ignore line: [gcc version 8.3.0 (GCC) ]
  ignore line: [COLLECT_GCC_OPTIONS='--sysroot=/opt/poky/3.1.31/sysroots/aarch64-poky-linux' '-O2' '-pipe' '-g' '-feliminate-unused-debug-types' '-march=armv8-a' '-v' '-o' 'CMakeFiles/cmTC_1e2a2.dir/CMakeCXXCompilerABI.cpp.o' '-c' '-shared-libgcc' '-mlittle-endian' '-mabi=lp64']
  ignore line: [ /opt/poky/3.1.31/sysroots/x86_64-pokysdk-linux/usr/libexec/aarch64-poky-linux/gcc/aarch64-poky-linux/8.3.0/cc1plus -quiet -v -isysroot /opt/poky/3.1.31/sysroots/aarch64-poky-linux -D_GNU_SOURCE /opt/poky/3.1.31/sysroots/x86_64-pokysdk-linux/usr/share/cmake-3.16/Modules/CMakeCXXCompilerABI.cpp -quiet -dumpbase CMakeCXXCompilerABI.cpp -march=armv8-a -mlittle-endian -mabi=lp64 -auxbase-strip CMakeFiles/cmTC_1e2a2.dir/CMakeCXXCompilerABI.cpp.o -g -O2 -version -feliminate-unused-debug-types -o - |]
  ignore line: [ /opt/poky/3.1.31/sysroots/x86_64-pokysdk-linux/usr/libexec/aarch64-poky-linux/gcc/aarch64-poky-linux/8.3.0/as -v -EL -march=armv8-a -mabi=lp64 -o CMakeFiles/cmTC_1e2a2.dir/CMakeCXXCompilerABI.cpp.o]
  ignore line: [GNU assembler version 2.31.1 (aarch64-poky-linux) using BFD version (GNU Binutils) 2.31.1]
  ignore line: [GNU C++14 (GCC) version 8.3.0 (aarch64-poky-linux)]
  ignore line: [	compiled by GNU C version 8.3.0  GMP version 6.2.0  MPFR version 4.0.2  MPC version 1.1.0  isl version none]
  ignore line: [GGC heuristics: --param ggc-min-expand=100 --param ggc-min-heapsize=131072]
  ignore line: [ignoring nonexistent directory "/opt/poky/3.1.31/sysroots/aarch64-poky-linux/usr/lib64/gcc/aarch64-poky-linux/8.3.0/include"]
  ignore line: [ignoring nonexistent directory "/opt/poky/3.1.31/sysroots/x86_64-pokysdk-linux/usr/lib/aarch64-poky-linux/gcc/aarch64-poky-linux/8.3.0/../../../../../aarch64-poky-linux/include"]
  ignore line: [#include "..." search starts here:]
  ignore line: [#include <...> search starts here:]
  ignore line: [ /opt/poky/3.1.31/sysroots/aarch64-poky-linux/usr/include/c++/8.3.0]
  ignore line: [ /opt/poky/3.1.31/sysroots/aarch64-poky-linux/usr/include/c++/8.3.0/aarch64-poky-linux]
  ignore line: [ /opt/poky/3.1.31/sysroots/aarch64-poky-linux/usr/include/c++/8.3.0/backward]
  ignore line: [ /opt/poky/3.1.31/sysroots/x86_64-pokysdk-linux/usr/lib/aarch64-poky-linux/gcc/aarch64-poky-linux/8.3.0/include]
  ignore line: [ /opt/poky/3.1.31/sysroots/aarch64-poky-linux/usr/local/include]
  ignore line: [ /opt/poky/3.1.31/sysroots/x86_64-pokysdk-linux/usr/lib/aarch64-poky-linux/gcc/aarch64-poky-linux/8.3.0/include-fixed]
  ignore line: [ /opt/poky/3.1.31/sysroots/aarch64-poky-linux/usr/include/]
  ignore line: [End of search list.]
  ignore line: [GNU C++14 (GCC) version 8.3.0 (aarch64-poky-linux)]
  ignore line: [	compiled by GNU C version 8.3.0  GMP version 6.2.0  MPFR version 4.0.2  MPC version 1.1.0  isl version none]
  ignore line: [GGC heuristics: --param ggc-min-expand=100 --param ggc-min-heapsize=131072]
  ignore line: [Compiler executable checksum: ebaeaa0f313f87fb4b302c55ad7b1d5c]
  ignore line: [COMPILER_PATH=/opt/poky/3.1.31/sysroots/x86_64-pokysdk-linux/usr/libexec/aarch64-poky-linux/gcc/aarch64-poky-linux/8.3.0/:/opt/poky/3.1.31/sysroots/x86_64-pokysdk-linux/usr/libexec/aarch64-poky-linux/gcc/aarch64-poky-linux/8.3.0/:/opt/poky/3.1.31/sysroots/x86_64-pokysdk-linux/usr/libexec/aarch64-poky-linux/gcc/aarch64-poky-linux/:/opt/poky/3.1.31/sysroots/x86_64-pokysdk-linux/usr/lib/aarch64-poky-linux/gcc/aarch64-poky-linux/8.3.0/:/opt/poky/3.1.31/sysroots/x86_64-pokysdk-linux/usr/lib/aarch64-poky-linux/gcc/aarch64-poky-linux/]
  ignore line: [LIBRARY_PATH=/opt/poky/3.1.31/sysroots/x86_64-pokysdk-linux/usr/lib/aarch64-poky-linux/gcc/aarch64-poky-linux/8.3.0/:/opt/poky/3.1.31/sysroots/aarch64-poky-linux/lib64/:/opt/poky/3.1.31/sysroots/aarch64-poky-linux/usr/lib64/aarch64-poky-linux/8.3.0/:/opt/poky/3.1.31/sysroots/aarch64-poky-linux/usr/lib64/]
  ignore line: [COLLECT_GCC_OPTIONS='--sysroot=/opt/poky/3.1.31/sysroots/aarch64-poky-linux' '-O2' '-pipe' '-g' '-feliminate-unused-debug-types' '-march=armv8-a' '-v' '-o' 'CMakeFiles/cmTC_1e2a2.dir/CMakeCXXCompilerABI.cpp.o' '-c' '-shared-libgcc' '-mlittle-endian' '-mabi=lp64']
  ignore line: [Linking CXX executable cmTC_1e2a2]
  ignore line: [/opt/poky/3.1.31/sysroots/x86_64-pokysdk-linux/usr/bin/cmake -E cmake_link_script CMakeFiles/cmTC_1e2a2.dir/link.txt --verbose=1]
  ignore line: [/opt/poky/3.1.31/sysroots/x86_64-pokysdk-linux/usr/bin/aarch64-poky-linux/aarch64-poky-linux-g++ --sysroot=/opt/poky/3.1.31/sysroots/aarch64-poky-linux  -O2 -pipe -g -feliminate-unused-debug-types  -march=armv8-a   -Wl -O1 -Wl --hash-style=gnu -Wl --as-needed -fstack-protector-strong -Wl -z relro -z now -v CMakeFiles/cmTC_1e2a2.dir/CMakeCXXCompilerABI.cpp.o  -o cmTC_1e2a2 ]
  ignore line: [Using built-in specs.]
  ignore line: [COLLECT_GCC=/opt/poky/3.1.31/sysroots/x86_64-pokysdk-linux/usr/bin/aarch64-poky-linux/aarch64-poky-linux-g++]
  ignore line: [COLLECT_LTO_WRAPPER=/opt/poky/3.1.31/sysroots/x86_64-pokysdk-linux/usr/libexec/aarch64-poky-linux/gcc/aarch64-poky-linux/8.3.0/lto-wrapper]
  ignore line: [Target: aarch64-poky-linux]
  ignore line: [Configured with: ../../../../../../work-shared/gcc-8.3.0-r0/gcc-8-8.3.0/src/configure --build=x86_64-linux --host=x86_64-pokysdk-linux --target=aarch64-poky-linux --prefix=/usr/local/oe-sdk-hardcoded-buildpath/sysroots/x86_64-pokysdk-linux/usr --exec_prefix=/usr/local/oe-sdk-hardcoded-buildpath/sysroots/x86_64-pokysdk-linux/usr --bindir=/usr/local/oe-sdk-hardcoded-buildpath/sysroots/x86_64-pokysdk-linux/usr/bin/aarch64-poky-linux --sbindir=/usr/local/oe-sdk-hardcoded-buildpath/sysroots/x86_64-pokysdk-linux/usr/bin/aarch64-poky-linux --libexecdir=/usr/local/oe-sdk-hardcoded-buildpath/sysroots/x86_64-pokysdk-linux/usr/libexec/aarch64-poky-linux --datadir=/usr/local/oe-sdk-hardcoded-buildpath/sysroots/x86_64-pokysdk-linux/usr/share --sysconfdir=/usr/local/oe-sdk-hardcoded-buildpath/sysroots/x86_64-pokysdk-linux/etc --sharedstatedir=/usr/local/oe-sdk-hardcoded-buildpath/sysroots/x86_64-pokysdk-linux/com --localstatedir=/usr/local/oe-sdk-hardcoded-buildpath/sysroots/x86_64-pokysdk-linux/var --libdir=/usr/local/oe-sdk-hardcoded-buildpath/sysroots/x86_64-pokysdk-linux/usr/lib/aarch64-poky-linux --includedir=/usr/local/oe-sdk-hardcoded-buildpath/sysroots/x86_64-pokysdk-linux/usr/include --oldincludedir=/usr/local/oe-sdk-hardcoded-buildpath/sysroots/x86_64-pokysdk-linux/usr/include --infodir=/usr/local/oe-sdk-hardcoded-buildpath/sysroots/x86_64-pokysdk-linux/usr/share/info --mandir=/usr/local/oe-sdk-hardcoded-buildpath/sysroots/x86_64-pokysdk-linux/usr/share/man --disable-silent-rules --disable-dependency-tracking --with-libtool-sysroot=/data3/canhdao/yocto_build/v750/V2L/Final_release/RZV_VLPv3.0.6/build/tmp/work/x86_64-nativesdk-pokysdk-linux/gcc-cross-canadian-aarch64/8.3.0-r0/recipe-sysroot --with-gnu-ld --enable-shared --enable-languages=c,c++ --enable-threads=posix --enable-multilib --enable-default-pie --enable-c99 --enable-long-long --enable-symvers=gnu --enable-libstdcxx-pch --program-prefix=aarch64-poky-linux- --without-local-prefix --disable-install-libiberty --enable-lto --disable-libssp --enable-libitm --disable-bootstrap --disable-libmudflap --with-system-zlib --with-linker-hash-style=gnu --enable-linker-build-id --with-ppl=no --with-cloog=no --enable-checking=release --enable-cheaders=c_global --without-isl --with-gxx-include-dir=/not/exist/usr/include/c++/8.3.0 --with-build-time-tools=/data3/canhdao/yocto_build/v750/V2L/Final_release/RZV_VLPv3.0.6/build/tmp/work/x86_64-nativesdk-pokysdk-linux/gcc-cross-canadian-aarch64/8.3.0-r0/recipe-sysroot-native/usr/aarch64-poky-linux/bin --with-sysroot=/not/exist --with-build-sysroot=/data3/canhdao/yocto_build/v750/V2L/Final_release/RZV_VLPv3.0.6/build/tmp/work/x86_64-nativesdk-pokysdk-linux/gcc-cross-canadian-aarch64/8.3.0-r0/recipe-sysroot --enable-poison-system-directories --disable-static --enable-nls --with-glibc-version=2.28 --enable-initfini-array --enable-__cxa_atexit]
  ignore line: [Thread model: posix]
  ignore line: [gcc version 8.3.0 (GCC) ]
  ignore line: [COMPILER_PATH=/opt/poky/3.1.31/sysroots/x86_64-pokysdk-linux/usr/libexec/aarch64-poky-linux/gcc/aarch64-poky-linux/8.3.0/:/opt/poky/3.1.31/sysroots/x86_64-pokysdk-linux/usr/libexec/aarch64-poky-linux/gcc/aarch64-poky-linux/8.3.0/:/opt/poky/3.1.31/sysroots/x86_64-pokysdk-linux/usr/libexec/aarch64-poky-linux/gcc/aarch64-poky-linux/:/opt/poky/3.1.31/sysroots/x86_64-pokysdk-linux/usr/lib/aarch64-poky-linux/gcc/aarch64-poky-linux/8.3.0/:/opt/poky/3.1.31/sysroots/x86_64-pokysdk-linux/usr/lib/aarch64-poky-linux/gcc/aarch64-poky-linux/]
  ignore line: [LIBRARY_PATH=/opt/poky/3.1.31/sysroots/x86_64-pokysdk-linux/usr/lib/aarch64-poky-linux/gcc/aarch64-poky-linux/8.3.0/:/opt/poky/3.1.31/sysroots/aarch64-poky-linux/lib64/:/opt/poky/3.1.31/sysroots/aarch64-poky-linux/usr/lib64/aarch64-poky-linux/8.3.0/:/opt/poky/3.1.31/sysroots/aarch64-poky-linux/usr/lib64/]
  ignore line: [COLLECT_GCC_OPTIONS='--sysroot=/opt/poky/3.1.31/sysroots/aarch64-poky-linux' '-O2' '-pipe' '-g' '-feliminate-unused-debug-types' '-march=armv8-a' '-fstack-protector-strong' '-v' '-o' 'cmTC_1e2a2' '-shared-libgcc' '-mlittle-endian' '-mabi=lp64']
  link line: [ /opt/poky/3.1.31/sysroots/x86_64-pokysdk-linux/usr/libexec/aarch64-poky-linux/gcc/aarch64-poky-linux/8.3.0/collect2 -plugin /opt/poky/3.1.31/sysroots/x86_64-pokysdk-linux/usr/libexec/aarch64-poky-linux/gcc/aarch64-poky-linux/8.3.0/liblto_plugin.so -plugin-opt=/opt/poky/3.1.31/sysroots/x86_64-pokysdk-linux/usr/libexec/aarch64-poky-linux/gcc/aarch64-poky-linux/8.3.0/lto-wrapper -plugin-opt=-fresolution=/tmp/cccyWq2t.res -plugin-opt=-pass-through=-lgcc_s -plugin-opt=-pass-through=-lgcc -plugin-opt=-pass-through=-lc -plugin-opt=-pass-through=-lgcc_s -plugin-opt=-pass-through=-lgcc --sysroot=/opt/poky/3.1.31/sysroots/aarch64-poky-linux --build-id --eh-frame-hdr --hash-style=gnu --hash-style=gnu -dynamic-linker /lib64/ld-linux-aarch64.so.1 -X -EL -maarch64linux -pie -o cmTC_1e2a2 /opt/poky/3.1.31/sysroots/aarch64-poky-linux/usr/lib64/Scrt1.o /opt/poky/3.1.31/sysroots/aarch64-poky-linux/usr/lib64/crti.o /opt/poky/3.1.31/sysroots/aarch64-poky-linux/usr/lib64/aarch64-poky-linux/8.3.0/crtbeginS.o -L/opt/poky/3.1.31/sysroots/x86_64-pokysdk-linux/usr/lib/aarch64-poky-linux/gcc/aarch64-poky-linux/8.3.0 -L/opt/poky/3.1.31/sysroots/aarch64-poky-linux/lib64 -L/opt/poky/3.1.31/sysroots/aarch64-poky-linux/usr/lib64/aarch64-poky-linux/8.3.0 -L/opt/poky/3.1.31/sysroots/aarch64-poky-linux/usr/lib64 -O1 --hash-style=gnu --as-needed -z relro -z now CMakeFiles/cmTC_1e2a2.dir/CMakeCXXCompilerABI.cpp.o -lstdc++ -lm -lgcc_s -lgcc -lc -lgcc_s -lgcc /opt/poky/3.1.31/sysroots/aarch64-poky-linux/usr/lib64/aarch64-poky-linux/8.3.0/crtendS.o /opt/poky/3.1.31/sysroots/aarch64-poky-linux/usr/lib64/crtn.o]
    arg [/opt/poky/3.1.31/sysroots/x86_64-pokysdk-linux/usr/libexec/aarch64-poky-linux/gcc/aarch64-poky-linux/8.3.0/collect2] ==> ignore
    arg [-plugin] ==> ignore
    arg [/opt/poky/3.1.31/sysroots/x86_64-pokysdk-linux/usr/libexec/aarch64-poky-linux/gcc/aarch64-poky-linux/8.3.0/liblto_plugin.so] ==> ignore
    arg [-plugin-opt=/opt/poky/3.1.31/sysroots/x86_64-pokysdk-linux/usr/libexec/aarch64-poky-linux/gcc/aarch64-poky-linux/8.3.0/lto-wrapper] ==> ignore
    arg [-plugin-opt=-fresolution=/tmp/cccyWq2t.res] ==> ignore
    arg [-plugin-opt=-pass-through=-lgcc_s] ==> ignore
    arg [-plugin-opt=-pass-through=-lgcc] ==> ignore
    arg [-plugin-opt=-pass-through=-lc] ==> ignore
    arg [-plugin-opt=-pass-through=-lgcc_s] ==> ignore
    arg [-plugin-opt=-pass-through=-lgcc] ==> ignore
    arg [--sysroot=/opt/poky/3.1.31/sysroots/aarch64-poky-linux] ==> ignore
    arg [--build-id] ==> ignore
    arg [--eh-frame-hdr] ==> ignore
    arg [--hash-style=gnu] ==> ignore
    arg [--hash-style=gnu] ==> ignore
    arg [-dynamic-linker] ==> ignore
    arg [/lib64/ld-linux-aarch64.so.1] ==> ignore
    arg [-X] ==> ignore
    arg [-EL] ==> ignore
    arg [-maarch64linux] ==> ignore
    arg [-pie] ==> ignore
    arg [-o] ==> ignore
    arg [cmTC_1e2a2] ==> ignore
    arg [/opt/poky/3.1.31/sysroots/aarch64-poky-linux/usr/lib64/Scrt1.o] ==> ignore
    arg [/opt/poky/3.1.31/sysroots/aarch64-poky-linux/usr/lib64/crti.o] ==> ignore
    arg [/opt/poky/3.1.31/sysroots/aarch64-poky-linux/usr/lib64/aarch64-poky-linux/8.3.0/crtbeginS.o] ==> ignore
    arg [-L/opt/poky/3.1.31/sysroots/x86_64-pokysdk-linux/usr/lib/aarch64-poky-linux/gcc/aarch64-poky-linux/8.3.0] ==> dir [/opt/poky/3.1.31/sysroots/x86_64-pokysdk-linux/usr/lib/aarch64-poky-linux/gcc/aarch64-poky-linux/8.3.0]
    arg [-L/opt/poky/3.1.31/sysroots/aarch64-poky-linux/lib64] ==> dir [/opt/poky/3.1.31/sysroots/aarch64-poky-linux/lib64]
    arg [-L/opt/poky/3.1.31/sysroots/aarch64-poky-linux/usr/lib64/aarch64-poky-linux/8.3.0] ==> dir [/opt/poky/3.1.31/sysroots/aarch64-poky-linux/usr/lib64/aarch64-poky-linux/8.3.0]
    arg [-L/opt/poky/3.1.31/sysroots/aarch64-poky-linux/usr/lib64] ==> dir [/opt/poky/3.1.31/sysroots/aarch64-poky-linux/usr/lib64]
    arg [-O1] ==> ignore
    arg [--hash-style=gnu] ==> ignore
    arg [--as-needed] ==> ignore
    arg [-zrelro] ==> ignore
    arg [-znow] ==> ignore
    arg [CMakeFiles/cmTC_1e2a2.dir/CMakeCXXCompilerABI.cpp.o] ==> ignore
    arg [-lstdc++] ==> lib [stdc++]
    arg [-lm] ==> lib [m]
    arg [-lgcc_s] ==> lib [gcc_s]
    arg [-lgcc] ==> lib [gcc]
    arg [-lc] ==> lib [c]
    arg [-lgcc_s] ==> lib [gcc_s]
    arg [-lgcc] ==> lib [gcc]
    arg [/opt/poky/3.1.31/sysroots/aarch64-poky-linux/usr/lib64/aarch64-poky-linux/8.3.0/crtendS.o] ==> ignore
    arg [/opt/poky/3.1.31/sysroots/aarch64-poky-linux/usr/lib64/crtn.o] ==> ignore
  collapse library dir [/opt/poky/3.1.31/sysroots/x86_64-pokysdk-linux/usr/lib/aarch64-poky-linux/gcc/aarch64-poky-linux/8.3.0] ==> [/opt/poky/3.1.31/sysroots/x86_64-pokysdk-linux/usr/lib/aarch64-poky-linux/gcc/aarch64-poky-linux/8.3.0]
  collapse library dir [/opt/poky/3.1.31/sysroots/aarch64-poky-linux/lib64] ==> [/opt/poky/3.1.31/sysroots/aarch64-poky-linux/lib64]
  collapse library dir [/opt/poky/3.1.31/sysroots/aarch64-poky-linux/usr/lib64/aarch64-poky-linux/8.3.0] ==> [/opt/poky/3.1.31/sysroots/aarch64-poky-linux/usr/lib64/aarch64-poky-linux/8.3.0]
  collapse library dir [/opt/poky/3.1.31/sysroots/aarch64-poky-linux/usr/lib64] ==> [/opt/poky/3.1.31/sysroots/aarch64-poky-linux/usr/lib64]
  implicit libs: [stdc++;m;gcc_s;gcc;c;gcc_s;gcc]
  implicit dirs: [/opt/poky/3.1.31/sysroots/x86_64-pokysdk-linux/usr/lib/aarch64-poky-linux/gcc/aarch64-poky-linux/8.3.0;/opt/poky/3.1.31/sysroots/aarch64-poky-linux/lib64;/opt/poky/3.1.31/sysroots/aarch64-poky-linux/usr/lib64/aarch64-poky-linux/8.3.0;/opt/poky/3.1.31/sysroots/aarch64-poky-linux/usr/lib64]
  implicit fwks: []


Determining if the include file pthread.h exists passed with the following output:
Change Dir: /drp-ai_tvm/data/traffic_violation/build/CMakeFiles/CMakeTmp

Run Build Command(s):/usr/bin/make cmTC_0bee0/fast && /usr/bin/make -f CMakeFiles/cmTC_0bee0.dir/build.make CMakeFiles/cmTC_0bee0.dir/build
make[1]: Entering directory '/drp-ai_tvm/data/traffic_violation/build/CMakeFiles/CMakeTmp'
Building CXX object CMakeFiles/cmTC_0bee0.dir/CheckIncludeFile.cxx.o
/opt/poky/3.1.31/sysroots/x86_64-pokysdk-linux/usr/bin/aarch64-poky-linux/aarch64-poky-linux-g++ --sysroot=/opt/poky/3.1.31/sysroots/aarch64-poky-linux    -O2 -pipe -g -feliminate-unused-debug-types  -march=armv8-a    -std=gnu++17 -o CMakeFiles/cmTC_0bee0.dir/CheckIncludeFile.cxx.o -c /drp-ai_tvm/data/traffic_violation/build/CMakeFiles/CMakeTmp/CheckIncludeFile.cxx
Linking CXX executable cmTC_0bee0
/opt/poky/3.1.31/sysroots/x86_64-pokysdk-linux/usr/bin/cmake -E cmake_link_script CMakeFiles/cmTC_0bee0.dir/link.txt --verbose=1
/opt/poky/3.1.31/sysroots/x86_64-pokysdk-linux/usr/bin/aarch64-poky-linux/aarch64-poky-linux-g++ --sysroot=/opt/poky/3.1.31/sysroots/aarch64-poky-linux  -O2 -pipe -g -feliminate-unused-debug-types  -march=armv8-a   -Wl,-O1 -Wl,--hash-style=gnu -Wl,--as-needed -fstack-protector-strong -Wl,-z,relro,-z,now  CMakeFiles/cmTC_0bee0.dir/CheckIncludeFile.cxx.o  -o cmTC_0bee0 
make[1]: Leaving directory '/drp-ai_tvm/data/traffic_violation/build/CMakeFiles/CMakeTmp'



Determining if the function pthread_create exists in the pthread passed with the following output:
Change Dir: /drp-ai_tvm/data/traffic_violation/build/CMakeFiles/CMakeTmp

Run Build Command(s):/usr/bin/make cmTC_35c5a/fast && /usr/bin/make -f CMakeFiles/cmTC_35c5a.dir/build.make CMakeFiles/cmTC_35c5a.dir/build
make[1]: Entering directory '/drp-ai_tvm/data/traffic_violation/build/CMakeFiles/CMakeTmp'
Building CXX object CMakeFiles/cmTC_35c5a.dir/CheckFunctionExists.cxx.o
/opt/poky/3.1.31/sysroots/x86_64-pokysdk-linux/usr/bin/aarch64-poky-linux/aarch64-poky-linux-g++ --sysroot=/opt/poky/3.1.31/sysroots/aarch64-poky-linux    -O2 -pipe -g -feliminate-unused-debug-types  -march=armv8-a -DCHECK_FUNCTION_EXISTS=pthread_create   -std=gnu++17 -o CMakeFiles/cmTC_35c5a.dir/CheckFunctionExists.cxx.o -c /drp-ai_tvm/data/traffic_violation/build/CMakeFiles/CheckLibraryExists/CheckFunctionExists.cxx
Linking CXX executable cmTC_35c5a
/opt/poky/3.1.31/sysroots/x86_64-pokysdk-linux/usr/bin/cmake -E cmake_link_script CMakeFiles/cmTC_35c5a.dir/link.txt --verbose=1
/opt/poky/3.1.31/sysroots/x86_64-pokysdk-linux/usr/bin/aarch64-poky-linux/aarch64-poky-linux-g++ --sysroot=/opt/poky/3.1.31/sysroots/aarch64-poky-linux  -O2 -pipe -g -feliminate-unused-debug-types  -march=armv8-a -DCHECK_FUNCTION_EXISTS=pthread_create  -Wl,-O1 -Wl,--hash-style=gnu -Wl,--as-needed -fstack-protector-strong -Wl,-z,relro,-z,now  CMakeFiles/cmTC_35c5a.dir/CheckFunctionExists.cxx.o  -o cmTC_35c5a  -lpthread 
make[1]: Leaving directory '/drp-ai_tvm/data/traffic_violation/build/CMakeFiles/CMakeTmp'



