Compiling the CXX compiler identification source file "CMakeCXXCompilerId.cpp" failed.
Compiler: /opt/poky/3.1.31/sysroots/x86_64-pokysdk-linux/usr/bin/aarch64-poky-linux/aarch64-poky-linux-g++ 
Build flags: ;-O2;-pipe;-g;-feliminate-unused-debug-types;
Id flags:  

The output was:
1
/opt/poky/3.1.31/sysroots/x86_64-pokysdk-linux/usr/libexec/aarch64-poky-linux/gcc/aarch64-poky-linux/8.3.0/real-ld: cannot find Scrt1.o: No such file or directory
/opt/poky/3.1.31/sysroots/x86_64-pokysdk-linux/usr/libexec/aarch64-poky-linux/gcc/aarch64-poky-linux/8.3.0/real-ld: cannot find crti.o: No such file or directory
/opt/poky/3.1.31/sysroots/x86_64-pokysdk-linux/usr/libexec/aarch64-poky-linux/gcc/aarch64-poky-linux/8.3.0/real-ld: cannot find crtbeginS.o: No such file or directory
/opt/poky/3.1.31/sysroots/x86_64-pokysdk-linux/usr/libexec/aarch64-poky-linux/gcc/aarch64-poky-linux/8.3.0/real-ld: cannot find -lstdc++
/opt/poky/3.1.31/sysroots/x86_64-pokysdk-linux/usr/libexec/aarch64-poky-linux/gcc/aarch64-poky-linux/8.3.0/real-ld: cannot find -lm
/opt/poky/3.1.31/sysroots/x86_64-pokysdk-linux/usr/libexec/aarch64-poky-linux/gcc/aarch64-poky-linux/8.3.0/real-ld: cannot find -lgcc_s
/opt/poky/3.1.31/sysroots/x86_64-pokysdk-linux/usr/libexec/aarch64-poky-linux/gcc/aarch64-poky-linux/8.3.0/real-ld: cannot find -lgcc
/opt/poky/3.1.31/sysroots/x86_64-pokysdk-linux/usr/libexec/aarch64-poky-linux/gcc/aarch64-poky-linux/8.3.0/real-ld: cannot find -lc
/opt/poky/3.1.31/sysroots/x86_64-pokysdk-linux/usr/libexec/aarch64-poky-linux/gcc/aarch64-poky-linux/8.3.0/real-ld: cannot find -lgcc_s
/opt/poky/3.1.31/sysroots/x86_64-pokysdk-linux/usr/libexec/aarch64-poky-linux/gcc/aarch64-poky-linux/8.3.0/real-ld: cannot find -lgcc
/opt/poky/3.1.31/sysroots/x86_64-pokysdk-linux/usr/libexec/aarch64-poky-linux/gcc/aarch64-poky-linux/8.3.0/real-ld: cannot find crtendS.o: No such file or directory
/opt/poky/3.1.31/sysroots/x86_64-pokysdk-linux/usr/libexec/aarch64-poky-linux/gcc/aarch64-poky-linux/8.3.0/real-ld: cannot find crtn.o: No such file or directory
collect2: error: ld returned 1 exit status


Performing C++ SOURCE FILE Test CMAKE_HAVE_LIBC_PTHREAD failed with the following output:
Change Dir: /drp-ai_tvm/data/traffic_violation/build/CMakeFiles/CMakeTmp

Run Build Command(s):/usr/bin/make cmTC_f7ec6/fast && /usr/bin/make -f CMakeFiles/cmTC_f7ec6.dir/build.make CMakeFiles/cmTC_f7ec6.dir/build
make[1]: Entering directory '/drp-ai_tvm/data/traffic_violation/build/CMakeFiles/CMakeTmp'
Building CXX object CMakeFiles/cmTC_f7ec6.dir/src.cxx.o
/opt/poky/3.1.31/sysroots/x86_64-pokysdk-linux/usr/bin/aarch64-poky-linux/aarch64-poky-linux-g++ --sysroot=/opt/poky/3.1.31/sysroots/aarch64-poky-linux    -O2 -pipe -g -feliminate-unused-debug-types  -march=armv8-a -DCMAKE_HAVE_LIBC_PTHREAD   -std=gnu++17 -o CMakeFiles/cmTC_f7ec6.dir/src.cxx.o -c /drp-ai_tvm/data/traffic_violation/build/CMakeFiles/CMakeTmp/src.cxx
Linking CXX executable cmTC_f7ec6
/opt/poky/3.1.31/sysroots/x86_64-pokysdk-linux/usr/bin/cmake -E cmake_link_script CMakeFiles/cmTC_f7ec6.dir/link.txt --verbose=1
/opt/poky/3.1.31/sysroots/x86_64-pokysdk-linux/usr/bin/aarch64-poky-linux/aarch64-poky-linux-g++ --sysroot=/opt/poky/3.1.31/sysroots/aarch64-poky-linux  -O2 -pipe -g -feliminate-unused-debug-types  -march=armv8-a -DCMAKE_HAVE_LIBC_PTHREAD  -Wl,-O1 -Wl,--hash-style=gnu -Wl,--as-needed -fstack-protector-strong -Wl,-z,relro,-z,now  CMakeFiles/cmTC_f7ec6.dir/src.cxx.o  -o cmTC_f7ec6 
/opt/poky/3.1.31/sysroots/x86_64-pokysdk-linux/usr/libexec/aarch64-poky-linux/gcc/aarch64-poky-linux/8.3.0/real-ld: CMakeFiles/cmTC_f7ec6.dir/src.cxx.o: in function `main':
/drp-ai_tvm/data/traffic_violation/build/CMakeFiles/CMakeTmp/src.cxx:11: undefined reference to `pthread_create'
/opt/poky/3.1.31/sysroots/x86_64-pokysdk-linux/usr/libexec/aarch64-poky-linux/gcc/aarch64-poky-linux/8.3.0/real-ld: /drp-ai_tvm/data/traffic_violation/build/CMakeFiles/CMakeTmp/src.cxx:12: undefined reference to `pthread_detach'
/opt/poky/3.1.31/sysroots/x86_64-pokysdk-linux/usr/libexec/aarch64-poky-linux/gcc/aarch64-poky-linux/8.3.0/real-ld: /drp-ai_tvm/data/traffic_violation/build/CMakeFiles/CMakeTmp/src.cxx:13: undefined reference to `pthread_join'
collect2: error: ld returned 1 exit status
make[1]: *** [CMakeFiles/cmTC_f7ec6.dir/build.make:87: cmTC_f7ec6] Error 1
make[1]: Leaving directory '/drp-ai_tvm/data/traffic_violation/build/CMakeFiles/CMakeTmp'
make: *** [Makefile:121: cmTC_f7ec6/fast] Error 2


Source file was:
#include <pthread.h>

void* test_func(void* data)
{
  return data;
}

int main(void)
{
  pthread_t thread;
  pthread_create(&thread, NULL, test_func, NULL);
  pthread_detach(thread);
  pthread_join(thread, NULL);
  pthread_atfork(NULL, NULL, NULL);
  pthread_exit(NULL);

  return 0;
}

Determining if the function pthread_create exists in the pthreads failed with the following output:
Change Dir: /drp-ai_tvm/data/traffic_violation/build/CMakeFiles/CMakeTmp

Run Build Command(s):/usr/bin/make cmTC_9439c/fast && /usr/bin/make -f CMakeFiles/cmTC_9439c.dir/build.make CMakeFiles/cmTC_9439c.dir/build
make[1]: Entering directory '/drp-ai_tvm/data/traffic_violation/build/CMakeFiles/CMakeTmp'
Building CXX object CMakeFiles/cmTC_9439c.dir/CheckFunctionExists.cxx.o
/opt/poky/3.1.31/sysroots/x86_64-pokysdk-linux/usr/bin/aarch64-poky-linux/aarch64-poky-linux-g++ --sysroot=/opt/poky/3.1.31/sysroots/aarch64-poky-linux    -O2 -pipe -g -feliminate-unused-debug-types  -march=armv8-a -DCHECK_FUNCTION_EXISTS=pthread_create   -std=gnu++17 -o CMakeFiles/cmTC_9439c.dir/CheckFunctionExists.cxx.o -c /drp-ai_tvm/data/traffic_violation/build/CMakeFiles/CheckLibraryExists/CheckFunctionExists.cxx
Linking CXX executable cmTC_9439c
/opt/poky/3.1.31/sysroots/x86_64-pokysdk-linux/usr/bin/cmake -E cmake_link_script CMakeFiles/cmTC_9439c.dir/link.txt --verbose=1
/opt/poky/3.1.31/sysroots/x86_64-pokysdk-linux/usr/bin/aarch64-poky-linux/aarch64-poky-linux-g++ --sysroot=/opt/poky/3.1.31/sysroots/aarch64-poky-linux  -O2 -pipe -g -feliminate-unused-debug-types  -march=armv8-a -DCHECK_FUNCTION_EXISTS=pthread_create  -Wl,-O1 -Wl,--hash-style=gnu -Wl,--as-needed -fstack-protector-strong -Wl,-z,relro,-z,now  CMakeFiles/cmTC_9439c.dir/CheckFunctionExists.cxx.o  -o cmTC_9439c  -lpthreads 
/opt/poky/3.1.31/sysroots/x86_64-pokysdk-linux/usr/libexec/aarch64-poky-linux/gcc/aarch64-poky-linux/8.3.0/real-ld: cannot find -lpthreads
collect2: error: ld returned 1 exit status
make[1]: *** [CMakeFiles/cmTC_9439c.dir/build.make:87: cmTC_9439c] Error 1
make[1]: Leaving directory '/drp-ai_tvm/data/traffic_violation/build/CMakeFiles/CMakeTmp'
make: *** [Makefile:121: cmTC_9439c/fast] Error 2



